<?xml version="1.0" encoding="UTF-8"?>
<testsuite xmlns:xsi="http://www.w3.org/2001/XMLSchema-instance" xsi:noNamespaceSchemaLocation="https://maven.apache.org/surefire/maven-surefire-plugin/xsd/surefire-test-report-3.0.xsd" version="3.0" name="huiyu.stepdefinitions.CucumberTestRunner_login_test" time="31.216" tests="3" errors="0" skipped="0" failures="0">
  <properties>
    <property name="java.specification.version" value="17"/>
    <property name="webdriver.chrome.driver" value="/root/.cache/selenium/chromedriver/linux64/132.0.6834.83/chromedriver"/>
    <property name="sun.jnu.encoding" value="ANSI_X3.4-1968"/>
    <property name="java.class.path" value="/workspace/LoginTest/target/test-classes:/workspace/LoginTest/target/classes:/root/.m2/repository/com/capgemini/mrchecker/mrchecker-selenium-module/2023.03.16/mrchecker-selenium-module-2023.03.16.jar:/root/.m2/repository/com/google/guava/guava/31.1-jre/guava-31.1-jre.jar:/root/.m2/repository/com/google/guava/failureaccess/1.0.1/failureaccess-1.0.1.jar:/root/.m2/repository/com/google/guava/listenablefuture/9999.0-empty-to-avoid-conflict-with-guava/listenablefuture-9999.0-empty-to-avoid-conflict-with-guava.jar:/root/.m2/repository/com/google/code/findbugs/jsr305/3.0.2/jsr305-3.0.2.jar:/root/.m2/repository/org/checkerframework/checker-qual/3.12.0/checker-qual-3.12.0.jar:/root/.m2/repository/com/google/errorprone/error_prone_annotations/2.11.0/error_prone_annotations-2.11.0.jar:/root/.m2/repository/com/google/j2objc/j2objc-annotations/1.3/j2objc-annotations-1.3.jar:/root/.m2/repository/com/capgemini/mrchecker/mrchecker-core-module/2023.03.16/mrchecker-core-module-2023.03.16.jar:/root/.m2/repository/org/apache/logging/log4j/log4j-core/2.20.0/log4j-core-2.20.0.jar:/root/.m2/repository/org/apache/logging/log4j/log4j-api/2.20.0/log4j-api-2.20.0.jar:/root/.m2/repository/io/qameta/allure/allure-java-commons/2.21.0/allure-java-commons-2.21.0.jar:/root/.m2/repository/io/qameta/allure/allure-model/2.21.0/allure-model-2.21.0.jar:/root/.m2/repository/org/aspectj/aspectjweaver/1.9.19/aspectjweaver-1.9.19.jar:/root/.m2/repository/org/jasypt/jasypt/1.9.3/jasypt-1.9.3.jar:/root/.m2/repository/io/cucumber/cucumber-java8/7.11.1/cucumber-java8-7.11.1.jar:/root/.m2/repository/net/jodah/typetools/0.6.3/typetools-0.6.3.jar:/root/.m2/repository/io/cucumber/cucumber-junit-platform-engine/7.11.1/cucumber-junit-platform-engine-7.11.1.jar:/root/.m2/repository/net/masterthought/cucumber-reporting/5.7.5/cucumber-reporting-5.7.5.jar:/root/.m2/repository/com/fasterxml/jackson/core/jackson-databind/2.13.2.2/jackson-databind-2.13.2.2.jar:/root/.m2/repository/com/fasterxml/jackson/core/jackson-annotations/2.13.2/jackson-annotations-2.13.2.jar:/root/.m2/repository/com/fasterxml/jackson/core/jackson-core/2.13.2/jackson-core-2.13.2.jar:/root/.m2/repository/com/fasterxml/jackson/datatype/jackson-datatype-jsr310/2.13.2/jackson-datatype-jsr310-2.13.2.jar:/root/.m2/repository/org/apache/velocity/velocity-engine-core/2.3/velocity-engine-core-2.3.jar:/root/.m2/repository/org/codehaus/plexus/plexus-utils/3.5.0/plexus-utils-3.5.0.jar:/root/.m2/repository/org/jsoup/jsoup/1.15.4/jsoup-1.15.4.jar:/root/.m2/repository/com/googlecode/owasp-java-html-sanitizer/owasp-java-html-sanitizer/20220608.1/owasp-java-html-sanitizer-20220608.1.jar:/root/.m2/repository/commons-configuration/commons-configuration/1.10/commons-configuration-1.10.jar:/root/.m2/repository/commons-lang/commons-lang/2.6/commons-lang-2.6.jar:/root/.m2/repository/io/cucumber/gherkin/26.0.3/gherkin-26.0.3.jar:/root/.m2/repository/org/assertj/assertj-core/3.24.2/assertj-core-3.24.2.jar:/root/.m2/repository/com/intellij/forms_rt/7.0.3/forms_rt-7.0.3.jar:/root/.m2/repository/asm/asm-commons/3.0/asm-commons-3.0.jar:/root/.m2/repository/asm/asm-tree/3.0/asm-tree-3.0.jar:/root/.m2/repository/asm/asm/3.0/asm-3.0.jar:/root/.m2/repository/com/jgoodies/forms/1.1-preview/forms-1.1-preview.jar:/root/.m2/repository/jdom/jdom/1.0/jdom-1.0.jar:/root/.m2/repository/com/google/api-client/google-api-client/2.2.0/google-api-client-2.2.0.jar:/root/.m2/repository/commons-codec/commons-codec/1.15/commons-codec-1.15.jar:/root/.m2/repository/com/google/oauth-client/google-oauth-client/1.34.1/google-oauth-client-1.34.1.jar:/root/.m2/repository/com/google/http-client/google-http-client-gson/1.42.3/google-http-client-gson-1.42.3.jar:/root/.m2/repository/com/google/http-client/google-http-client-apache-v2/1.42.3/google-http-client-apache-v2-1.42.3.jar:/root/.m2/repository/org/apache/httpcomponents/httpcore/4.4.16/httpcore-4.4.16.jar:/root/.m2/repository/org/apache/httpcomponents/httpclient/4.5.14/httpclient-4.5.14.jar:/root/.m2/repository/commons-logging/commons-logging/1.2/commons-logging-1.2.jar:/root/.m2/repository/com/google/http-client/google-http-client/1.42.3/google-http-client-1.42.3.jar:/root/.m2/repository/io/opencensus/opencensus-api/0.31.1/opencensus-api-0.31.1.jar:/root/.m2/repository/io/grpc/grpc-context/1.27.2/grpc-context-1.27.2.jar:/root/.m2/repository/io/opencensus/opencensus-contrib-http-util/0.31.1/opencensus-contrib-http-util-0.31.1.jar:/root/.m2/repository/com/google/inject/guice/5.1.0/guice-5.1.0.jar:/root/.m2/repository/javax/inject/javax.inject/1/javax.inject-1.jar:/root/.m2/repository/aopalliance/aopalliance/1.0/aopalliance-1.0.jar:/root/.m2/repository/org/junit/jupiter/junit-jupiter-engine/5.9.2/junit-jupiter-engine-5.9.2.jar:/root/.m2/repository/org/junit/platform/junit-platform-engine/1.9.2/junit-platform-engine-1.9.2.jar:/root/.m2/repository/org/junit/jupiter/junit-jupiter-api/5.9.2/junit-jupiter-api-5.9.2.jar:/root/.m2/repository/org/opentest4j/opentest4j/1.2.0/opentest4j-1.2.0.jar:/root/.m2/repository/org/junit/platform/junit-platform-commons/1.9.2/junit-platform-commons-1.9.2.jar:/root/.m2/repository/org/junit/platform/junit-platform-console-standalone/1.9.2/junit-platform-console-standalone-1.9.2.jar:/root/.m2/repository/org/mockito/mockito-core/4.11.0/mockito-core-4.11.0.jar:/root/.m2/repository/net/bytebuddy/byte-buddy/1.12.19/byte-buddy-1.12.19.jar:/root/.m2/repository/net/bytebuddy/byte-buddy-agent/1.12.19/byte-buddy-agent-1.12.19.jar:/root/.m2/repository/org/objenesis/objenesis/3.3/objenesis-3.3.jar:/root/.m2/repository/org/apache/commons/commons-csv/1.10.0/commons-csv-1.10.0.jar:/root/.m2/repository/org/apache/commons/commons-lang3/3.12.0/commons-lang3-3.12.0.jar:/root/.m2/repository/org/apache/commons/commons-collections4/4.4/commons-collections4-4.4.jar:/root/.m2/repository/joda-time/joda-time/2.12.2/joda-time-2.12.2.jar:/root/.m2/repository/com/capgemini/mrchecker/mrchecker-cli-module/2023.03.16/mrchecker-cli-module-2023.03.16.jar:/root/.m2/repository/org/seleniumhq/selenium/selenium-java/4.5.0/selenium-java-4.5.0.jar:/root/.m2/repository/org/seleniumhq/selenium/selenium-api/4.5.0/selenium-api-4.5.0.jar:/root/.m2/repository/org/seleniumhq/selenium/selenium-chrome-driver/4.5.0/selenium-chrome-driver-4.5.0.jar:/root/.m2/repository/com/google/auto/service/auto-service-annotations/1.0.1/auto-service-annotations-1.0.1.jar:/root/.m2/repository/com/google/auto/service/auto-service/1.0.1/auto-service-1.0.1.jar:/root/.m2/repository/com/google/auto/auto-common/1.2/auto-common-1.2.jar:/root/.m2/repository/org/seleniumhq/selenium/selenium-chromium-driver/4.5.0/selenium-chromium-driver-4.5.0.jar:/root/.m2/repository/org/seleniumhq/selenium/selenium-json/4.5.0/selenium-json-4.5.0.jar:/root/.m2/repository/org/seleniumhq/selenium/selenium-devtools-v104/4.5.0/selenium-devtools-v104-4.5.0.jar:/root/.m2/repository/org/seleniumhq/selenium/selenium-devtools-v105/4.5.0/selenium-devtools-v105-4.5.0.jar:/root/.m2/repository/org/seleniumhq/selenium/selenium-devtools-v106/4.5.0/selenium-devtools-v106-4.5.0.jar:/root/.m2/repository/org/seleniumhq/selenium/selenium-devtools-v85/4.5.0/selenium-devtools-v85-4.5.0.jar:/root/.m2/repository/org/seleniumhq/selenium/selenium-edge-driver/4.5.0/selenium-edge-driver-4.5.0.jar:/root/.m2/repository/org/seleniumhq/selenium/selenium-firefox-driver/4.5.0/selenium-firefox-driver-4.5.0.jar:/root/.m2/repository/org/seleniumhq/selenium/selenium-ie-driver/4.5.0/selenium-ie-driver-4.5.0.jar:/root/.m2/repository/org/seleniumhq/selenium/selenium-remote-driver/4.5.0/selenium-remote-driver-4.5.0.jar:/root/.m2/repository/com/beust/jcommander/1.82/jcommander-1.82.jar:/root/.m2/repository/io/netty/netty-buffer/4.1.79.Final/netty-buffer-4.1.79.Final.jar:/root/.m2/repository/io/netty/netty-codec-http/4.1.79.Final/netty-codec-http-4.1.79.Final.jar:/root/.m2/repository/io/netty/netty-codec/4.1.79.Final/netty-codec-4.1.79.Final.jar:/root/.m2/repository/io/netty/netty-handler/4.1.79.Final/netty-handler-4.1.79.Final.jar:/root/.m2/repository/io/netty/netty-common/4.1.79.Final/netty-common-4.1.79.Final.jar:/root/.m2/repository/io/netty/netty-transport-classes-epoll/4.1.79.Final/netty-transport-classes-epoll-4.1.79.Final.jar:/root/.m2/repository/io/netty/netty-transport-classes-kqueue/4.1.79.Final/netty-transport-classes-kqueue-4.1.79.Final.jar:/root/.m2/repository/io/netty/netty-transport-native-epoll/4.1.79.Final/netty-transport-native-epoll-4.1.79.Final.jar:/root/.m2/repository/io/netty/netty-transport-native-kqueue/4.1.79.Final/netty-transport-native-kqueue-4.1.79.Final.jar:/root/.m2/repository/io/netty/netty-transport-native-unix-common/4.1.79.Final/netty-transport-native-unix-common-4.1.79.Final.jar:/root/.m2/repository/io/netty/netty-transport/4.1.79.Final/netty-transport-4.1.79.Final.jar:/root/.m2/repository/io/netty/netty-resolver/4.1.79.Final/netty-resolver-4.1.79.Final.jar:/root/.m2/repository/io/opentelemetry/opentelemetry-api/1.17.0/opentelemetry-api-1.17.0.jar:/root/.m2/repository/io/opentelemetry/opentelemetry-context/1.17.0/opentelemetry-context-1.17.0.jar:/root/.m2/repository/io/opentelemetry/opentelemetry-exporter-logging/1.17.0/opentelemetry-exporter-logging-1.17.0.jar:/root/.m2/repository/io/opentelemetry/opentelemetry-sdk-metrics/1.17.0/opentelemetry-sdk-metrics-1.17.0.jar:/root/.m2/repository/io/opentelemetry/opentelemetry-sdk-logs/1.17.0-alpha/opentelemetry-sdk-logs-1.17.0-alpha.jar:/root/.m2/repository/io/opentelemetry/opentelemetry-sdk-common/1.17.0/opentelemetry-sdk-common-1.17.0.jar:/root/.m2/repository/io/opentelemetry/opentelemetry-sdk-extension-autoconfigure-spi/1.17.0/opentelemetry-sdk-extension-autoconfigure-spi-1.17.0.jar:/root/.m2/repository/io/opentelemetry/opentelemetry-sdk-extension-autoconfigure/1.17.0-alpha/opentelemetry-sdk-extension-autoconfigure-1.17.0-alpha.jar:/root/.m2/repository/io/opentelemetry/opentelemetry-exporter-common/1.17.0/opentelemetry-exporter-common-1.17.0.jar:/root/.m2/repository/io/opentelemetry/opentelemetry-sdk-trace/1.17.0/opentelemetry-sdk-trace-1.17.0.jar:/root/.m2/repository/io/opentelemetry/opentelemetry-sdk/1.17.0/opentelemetry-sdk-1.17.0.jar:/root/.m2/repository/io/opentelemetry/opentelemetry-semconv/1.17.0-alpha/opentelemetry-semconv-1.17.0-alpha.jar:/root/.m2/repository/io/ous/jtoml/2.0.0/jtoml-2.0.0.jar:/root/.m2/repository/org/apache/commons/commons-exec/1.3/commons-exec-1.3.jar:/root/.m2/repository/org/asynchttpclient/async-http-client/2.12.3/async-http-client-2.12.3.jar:/root/.m2/repository/org/asynchttpclient/async-http-client-netty-utils/2.12.3/async-http-client-netty-utils-2.12.3.jar:/root/.m2/repository/io/netty/netty-codec-socks/4.1.60.Final/netty-codec-socks-4.1.60.Final.jar:/root/.m2/repository/io/netty/netty-handler-proxy/4.1.60.Final/netty-handler-proxy-4.1.60.Final.jar:/root/.m2/repository/io/netty/netty-transport-native-epoll/4.1.60.Final/netty-transport-native-epoll-4.1.60.Final-linux-x86_64.jar:/root/.m2/repository/io/netty/netty-transport-native-kqueue/4.1.60.Final/netty-transport-native-kqueue-4.1.60.Final-osx-x86_64.jar:/root/.m2/repository/org/reactivestreams/reactive-streams/1.0.3/reactive-streams-1.0.3.jar:/root/.m2/repository/com/typesafe/netty/netty-reactive-streams/2.0.4/netty-reactive-streams-2.0.4.jar:/root/.m2/repository/com/sun/activation/jakarta.activation/1.2.2/jakarta.activation-1.2.2.jar:/root/.m2/repository/org/seleniumhq/selenium/selenium-http/4.5.0/selenium-http-4.5.0.jar:/root/.m2/repository/dev/failsafe/failsafe/3.2.4/failsafe-3.2.4.jar:/root/.m2/repository/org/seleniumhq/selenium/selenium-safari-driver/4.5.0/selenium-safari-driver-4.5.0.jar:/root/.m2/repository/org/seleniumhq/selenium/selenium-support/4.5.0/selenium-support-4.5.0.jar:/root/.m2/repository/io/qameta/allure/allure-junit5/2.21.0/allure-junit5-2.21.0.jar:/root/.m2/repository/io/qameta/allure/allure-junit-platform/2.21.0/allure-junit-platform-2.21.0.jar:/root/.m2/repository/io/qameta/allure/allure-test-filter/2.21.0/allure-test-filter-2.21.0.jar:/root/.m2/repository/org/junit/platform/junit-platform-launcher/1.8.2/junit-platform-launcher-1.8.2.jar:/root/.m2/repository/org/json/json/20210307/json-20210307.jar:/root/.m2/repository/io/cucumber/cucumber-java/7.11.1/cucumber-java-7.11.1.jar:/root/.m2/repository/io/cucumber/cucumber-core/7.11.1/cucumber-core-7.11.1.jar:/root/.m2/repository/io/cucumber/cucumber-gherkin/7.11.1/cucumber-gherkin-7.11.1.jar:/root/.m2/repository/io/cucumber/cucumber-gherkin-messages/7.11.1/cucumber-gherkin-messages-7.11.1.jar:/root/.m2/repository/io/cucumber/messages/21.0.1/messages-21.0.1.jar:/root/.m2/repository/io/cucumber/tag-expressions/5.0.1/tag-expressions-5.0.1.jar:/root/.m2/repository/io/cucumber/cucumber-expressions/16.1.2/cucumber-expressions-16.1.2.jar:/root/.m2/repository/io/cucumber/datatable/7.11.1/datatable-7.11.1.jar:/root/.m2/repository/io/cucumber/cucumber-plugin/7.11.1/cucumber-plugin-7.11.1.jar:/root/.m2/repository/io/cucumber/docstring/7.11.1/docstring-7.11.1.jar:/root/.m2/repository/io/cucumber/html-formatter/20.2.1/html-formatter-20.2.1.jar:/root/.m2/repository/io/cucumber/junit-xml-formatter/0.1.0/junit-xml-formatter-0.1.0.jar:/root/.m2/repository/io/cucumber/ci-environment/9.1.0/ci-environment-9.1.0.jar:/root/.m2/repository/org/apiguardian/apiguardian-api/1.1.2/apiguardian-api-1.1.2.jar:/root/.m2/repository/io/cucumber/cucumber-junit/7.11.1/cucumber-junit-7.11.1.jar:/root/.m2/repository/junit/junit/4.13.2/junit-4.13.2.jar:/root/.m2/repository/org/hamcrest/hamcrest-core/1.3/hamcrest-core-1.3.jar:/root/.m2/repository/io/github/bonigarcia/webdrivermanager/5.8.0/webdrivermanager-5.8.0.jar:/root/.m2/repository/org/slf4j/slf4j-api/2.0.12/slf4j-api-2.0.12.jar:/root/.m2/repository/com/google/code/gson/gson/2.10.1/gson-2.10.1.jar:/root/.m2/repository/com/github/docker-java/docker-java/3.3.6/docker-java-3.3.6.jar:/root/.m2/repository/com/github/docker-java/docker-java-core/3.3.6/docker-java-core-3.3.6.jar:/root/.m2/repository/com/github/docker-java/docker-java-api/3.3.6/docker-java-api-3.3.6.jar:/root/.m2/repository/org/bouncycastle/bcpkix-jdk18on/1.76/bcpkix-jdk18on-1.76.jar:/root/.m2/repository/org/bouncycastle/bcprov-jdk18on/1.76/bcprov-jdk18on-1.76.jar:/root/.m2/repository/org/bouncycastle/bcutil-jdk18on/1.76/bcutil-jdk18on-1.76.jar:/root/.m2/repository/org/slf4j/jcl-over-slf4j/1.7.30/jcl-over-slf4j-1.7.30.jar:/root/.m2/repository/com/github/docker-java/docker-java-transport-httpclient5/3.3.6/docker-java-transport-httpclient5-3.3.6.jar:/root/.m2/repository/com/github/docker-java/docker-java-transport/3.3.6/docker-java-transport-3.3.6.jar:/root/.m2/repository/net/java/dev/jna/jna/5.13.0/jna-5.13.0.jar:/root/.m2/repository/org/brotli/dec/0.1.2/dec-0.1.2.jar:/root/.m2/repository/org/apache/commons/commons-compress/1.26.1/commons-compress-1.26.1.jar:/root/.m2/repository/commons-io/commons-io/2.15.1/commons-io-2.15.1.jar:/root/.m2/repository/org/apache/httpcomponents/client5/httpclient5/5.2.1/httpclient5-5.2.1.jar:/root/.m2/repository/org/apache/httpcomponents/core5/httpcore5/5.2/httpcore5-5.2.jar:/root/.m2/repository/org/apache/httpcomponents/core5/httpcore5-h2/5.2/httpcore5-h2-5.2.jar:"/>
    <property name="java.vm.vendor" value="Ubuntu"/>
    <property name="sun.arch.data.model" value="64"/>
    <property name="java.vendor.url" value="https://ubuntu.com/"/>
    <property name="user.timezone" value="GMT"/>
    <property name="os.name" value="Linux"/>
    <property name="java.vm.specification.version" value="17"/>
    <property name="sun.java.launcher" value="SUN_STANDARD"/>
    <property name="user.country" value="US"/>
    <property name="sun.boot.library.path" value="/usr/lib/jvm/java-17-openjdk-amd64/lib"/>
    <property name="sun.java.command" value="/workspace/LoginTest/target/surefire/surefirebooter-20250115194127764_3.jar /workspace/LoginTest/target/surefire 2025-01-15T19-41-27_265-jvmRun1 surefire-20250115194127764_1tmp surefire_0-20250115194127764_2tmp"/>
    <property name="jdk.debug" value="release"/>
    <property name="test" value="CucumberTestRunner_login_test"/>
    <property name="surefire.test.class.path" value="/workspace/LoginTest/target/test-classes:/workspace/LoginTest/target/classes:/root/.m2/repository/com/capgemini/mrchecker/mrchecker-selenium-module/2023.03.16/mrchecker-selenium-module-2023.03.16.jar:/root/.m2/repository/com/google/guava/guava/31.1-jre/guava-31.1-jre.jar:/root/.m2/repository/com/google/guava/failureaccess/1.0.1/failureaccess-1.0.1.jar:/root/.m2/repository/com/google/guava/listenablefuture/9999.0-empty-to-avoid-conflict-with-guava/listenablefuture-9999.0-empty-to-avoid-conflict-with-guava.jar:/root/.m2/repository/com/google/code/findbugs/jsr305/3.0.2/jsr305-3.0.2.jar:/root/.m2/repository/org/checkerframework/checker-qual/3.12.0/checker-qual-3.12.0.jar:/root/.m2/repository/com/google/errorprone/error_prone_annotations/2.11.0/error_prone_annotations-2.11.0.jar:/root/.m2/repository/com/google/j2objc/j2objc-annotations/1.3/j2objc-annotations-1.3.jar:/root/.m2/repository/com/capgemini/mrchecker/mrchecker-core-module/2023.03.16/mrchecker-core-module-2023.03.16.jar:/root/.m2/repository/org/apache/logging/log4j/log4j-core/2.20.0/log4j-core-2.20.0.jar:/root/.m2/repository/org/apache/logging/log4j/log4j-api/2.20.0/log4j-api-2.20.0.jar:/root/.m2/repository/io/qameta/allure/allure-java-commons/2.21.0/allure-java-commons-2.21.0.jar:/root/.m2/repository/io/qameta/allure/allure-model/2.21.0/allure-model-2.21.0.jar:/root/.m2/repository/org/aspectj/aspectjweaver/1.9.19/aspectjweaver-1.9.19.jar:/root/.m2/repository/org/jasypt/jasypt/1.9.3/jasypt-1.9.3.jar:/root/.m2/repository/io/cucumber/cucumber-java8/7.11.1/cucumber-java8-7.11.1.jar:/root/.m2/repository/net/jodah/typetools/0.6.3/typetools-0.6.3.jar:/root/.m2/repository/io/cucumber/cucumber-junit-platform-engine/7.11.1/cucumber-junit-platform-engine-7.11.1.jar:/root/.m2/repository/net/masterthought/cucumber-reporting/5.7.5/cucumber-reporting-5.7.5.jar:/root/.m2/repository/com/fasterxml/jackson/core/jackson-databind/2.13.2.2/jackson-databind-2.13.2.2.jar:/root/.m2/repository/com/fasterxml/jackson/core/jackson-annotations/2.13.2/jackson-annotations-2.13.2.jar:/root/.m2/repository/com/fasterxml/jackson/core/jackson-core/2.13.2/jackson-core-2.13.2.jar:/root/.m2/repository/com/fasterxml/jackson/datatype/jackson-datatype-jsr310/2.13.2/jackson-datatype-jsr310-2.13.2.jar:/root/.m2/repository/org/apache/velocity/velocity-engine-core/2.3/velocity-engine-core-2.3.jar:/root/.m2/repository/org/codehaus/plexus/plexus-utils/3.5.0/plexus-utils-3.5.0.jar:/root/.m2/repository/org/jsoup/jsoup/1.15.4/jsoup-1.15.4.jar:/root/.m2/repository/com/googlecode/owasp-java-html-sanitizer/owasp-java-html-sanitizer/20220608.1/owasp-java-html-sanitizer-20220608.1.jar:/root/.m2/repository/commons-configuration/commons-configuration/1.10/commons-configuration-1.10.jar:/root/.m2/repository/commons-lang/commons-lang/2.6/commons-lang-2.6.jar:/root/.m2/repository/io/cucumber/gherkin/26.0.3/gherkin-26.0.3.jar:/root/.m2/repository/org/assertj/assertj-core/3.24.2/assertj-core-3.24.2.jar:/root/.m2/repository/com/intellij/forms_rt/7.0.3/forms_rt-7.0.3.jar:/root/.m2/repository/asm/asm-commons/3.0/asm-commons-3.0.jar:/root/.m2/repository/asm/asm-tree/3.0/asm-tree-3.0.jar:/root/.m2/repository/asm/asm/3.0/asm-3.0.jar:/root/.m2/repository/com/jgoodies/forms/1.1-preview/forms-1.1-preview.jar:/root/.m2/repository/jdom/jdom/1.0/jdom-1.0.jar:/root/.m2/repository/com/google/api-client/google-api-client/2.2.0/google-api-client-2.2.0.jar:/root/.m2/repository/commons-codec/commons-codec/1.15/commons-codec-1.15.jar:/root/.m2/repository/com/google/oauth-client/google-oauth-client/1.34.1/google-oauth-client-1.34.1.jar:/root/.m2/repository/com/google/http-client/google-http-client-gson/1.42.3/google-http-client-gson-1.42.3.jar:/root/.m2/repository/com/google/http-client/google-http-client-apache-v2/1.42.3/google-http-client-apache-v2-1.42.3.jar:/root/.m2/repository/org/apache/httpcomponents/httpcore/4.4.16/httpcore-4.4.16.jar:/root/.m2/repository/org/apache/httpcomponents/httpclient/4.5.14/httpclient-4.5.14.jar:/root/.m2/repository/commons-logging/commons-logging/1.2/commons-logging-1.2.jar:/root/.m2/repository/com/google/http-client/google-http-client/1.42.3/google-http-client-1.42.3.jar:/root/.m2/repository/io/opencensus/opencensus-api/0.31.1/opencensus-api-0.31.1.jar:/root/.m2/repository/io/grpc/grpc-context/1.27.2/grpc-context-1.27.2.jar:/root/.m2/repository/io/opencensus/opencensus-contrib-http-util/0.31.1/opencensus-contrib-http-util-0.31.1.jar:/root/.m2/repository/com/google/inject/guice/5.1.0/guice-5.1.0.jar:/root/.m2/repository/javax/inject/javax.inject/1/javax.inject-1.jar:/root/.m2/repository/aopalliance/aopalliance/1.0/aopalliance-1.0.jar:/root/.m2/repository/org/junit/jupiter/junit-jupiter-engine/5.9.2/junit-jupiter-engine-5.9.2.jar:/root/.m2/repository/org/junit/platform/junit-platform-engine/1.9.2/junit-platform-engine-1.9.2.jar:/root/.m2/repository/org/junit/jupiter/junit-jupiter-api/5.9.2/junit-jupiter-api-5.9.2.jar:/root/.m2/repository/org/opentest4j/opentest4j/1.2.0/opentest4j-1.2.0.jar:/root/.m2/repository/org/junit/platform/junit-platform-commons/1.9.2/junit-platform-commons-1.9.2.jar:/root/.m2/repository/org/junit/platform/junit-platform-console-standalone/1.9.2/junit-platform-console-standalone-1.9.2.jar:/root/.m2/repository/org/mockito/mockito-core/4.11.0/mockito-core-4.11.0.jar:/root/.m2/repository/net/bytebuddy/byte-buddy/1.12.19/byte-buddy-1.12.19.jar:/root/.m2/repository/net/bytebuddy/byte-buddy-agent/1.12.19/byte-buddy-agent-1.12.19.jar:/root/.m2/repository/org/objenesis/objenesis/3.3/objenesis-3.3.jar:/root/.m2/repository/org/apache/commons/commons-csv/1.10.0/commons-csv-1.10.0.jar:/root/.m2/repository/org/apache/commons/commons-lang3/3.12.0/commons-lang3-3.12.0.jar:/root/.m2/repository/org/apache/commons/commons-collections4/4.4/commons-collections4-4.4.jar:/root/.m2/repository/joda-time/joda-time/2.12.2/joda-time-2.12.2.jar:/root/.m2/repository/com/capgemini/mrchecker/mrchecker-cli-module/2023.03.16/mrchecker-cli-module-2023.03.16.jar:/root/.m2/repository/org/seleniumhq/selenium/selenium-java/4.5.0/selenium-java-4.5.0.jar:/root/.m2/repository/org/seleniumhq/selenium/selenium-api/4.5.0/selenium-api-4.5.0.jar:/root/.m2/repository/org/seleniumhq/selenium/selenium-chrome-driver/4.5.0/selenium-chrome-driver-4.5.0.jar:/root/.m2/repository/com/google/auto/service/auto-service-annotations/1.0.1/auto-service-annotations-1.0.1.jar:/root/.m2/repository/com/google/auto/service/auto-service/1.0.1/auto-service-1.0.1.jar:/root/.m2/repository/com/google/auto/auto-common/1.2/auto-common-1.2.jar:/root/.m2/repository/org/seleniumhq/selenium/selenium-chromium-driver/4.5.0/selenium-chromium-driver-4.5.0.jar:/root/.m2/repository/org/seleniumhq/selenium/selenium-json/4.5.0/selenium-json-4.5.0.jar:/root/.m2/repository/org/seleniumhq/selenium/selenium-devtools-v104/4.5.0/selenium-devtools-v104-4.5.0.jar:/root/.m2/repository/org/seleniumhq/selenium/selenium-devtools-v105/4.5.0/selenium-devtools-v105-4.5.0.jar:/root/.m2/repository/org/seleniumhq/selenium/selenium-devtools-v106/4.5.0/selenium-devtools-v106-4.5.0.jar:/root/.m2/repository/org/seleniumhq/selenium/selenium-devtools-v85/4.5.0/selenium-devtools-v85-4.5.0.jar:/root/.m2/repository/org/seleniumhq/selenium/selenium-edge-driver/4.5.0/selenium-edge-driver-4.5.0.jar:/root/.m2/repository/org/seleniumhq/selenium/selenium-firefox-driver/4.5.0/selenium-firefox-driver-4.5.0.jar:/root/.m2/repository/org/seleniumhq/selenium/selenium-ie-driver/4.5.0/selenium-ie-driver-4.5.0.jar:/root/.m2/repository/org/seleniumhq/selenium/selenium-remote-driver/4.5.0/selenium-remote-driver-4.5.0.jar:/root/.m2/repository/com/beust/jcommander/1.82/jcommander-1.82.jar:/root/.m2/repository/io/netty/netty-buffer/4.1.79.Final/netty-buffer-4.1.79.Final.jar:/root/.m2/repository/io/netty/netty-codec-http/4.1.79.Final/netty-codec-http-4.1.79.Final.jar:/root/.m2/repository/io/netty/netty-codec/4.1.79.Final/netty-codec-4.1.79.Final.jar:/root/.m2/repository/io/netty/netty-handler/4.1.79.Final/netty-handler-4.1.79.Final.jar:/root/.m2/repository/io/netty/netty-common/4.1.79.Final/netty-common-4.1.79.Final.jar:/root/.m2/repository/io/netty/netty-transport-classes-epoll/4.1.79.Final/netty-transport-classes-epoll-4.1.79.Final.jar:/root/.m2/repository/io/netty/netty-transport-classes-kqueue/4.1.79.Final/netty-transport-classes-kqueue-4.1.79.Final.jar:/root/.m2/repository/io/netty/netty-transport-native-epoll/4.1.79.Final/netty-transport-native-epoll-4.1.79.Final.jar:/root/.m2/repository/io/netty/netty-transport-native-kqueue/4.1.79.Final/netty-transport-native-kqueue-4.1.79.Final.jar:/root/.m2/repository/io/netty/netty-transport-native-unix-common/4.1.79.Final/netty-transport-native-unix-common-4.1.79.Final.jar:/root/.m2/repository/io/netty/netty-transport/4.1.79.Final/netty-transport-4.1.79.Final.jar:/root/.m2/repository/io/netty/netty-resolver/4.1.79.Final/netty-resolver-4.1.79.Final.jar:/root/.m2/repository/io/opentelemetry/opentelemetry-api/1.17.0/opentelemetry-api-1.17.0.jar:/root/.m2/repository/io/opentelemetry/opentelemetry-context/1.17.0/opentelemetry-context-1.17.0.jar:/root/.m2/repository/io/opentelemetry/opentelemetry-exporter-logging/1.17.0/opentelemetry-exporter-logging-1.17.0.jar:/root/.m2/repository/io/opentelemetry/opentelemetry-sdk-metrics/1.17.0/opentelemetry-sdk-metrics-1.17.0.jar:/root/.m2/repository/io/opentelemetry/opentelemetry-sdk-logs/1.17.0-alpha/opentelemetry-sdk-logs-1.17.0-alpha.jar:/root/.m2/repository/io/opentelemetry/opentelemetry-sdk-common/1.17.0/opentelemetry-sdk-common-1.17.0.jar:/root/.m2/repository/io/opentelemetry/opentelemetry-sdk-extension-autoconfigure-spi/1.17.0/opentelemetry-sdk-extension-autoconfigure-spi-1.17.0.jar:/root/.m2/repository/io/opentelemetry/opentelemetry-sdk-extension-autoconfigure/1.17.0-alpha/opentelemetry-sdk-extension-autoconfigure-1.17.0-alpha.jar:/root/.m2/repository/io/opentelemetry/opentelemetry-exporter-common/1.17.0/opentelemetry-exporter-common-1.17.0.jar:/root/.m2/repository/io/opentelemetry/opentelemetry-sdk-trace/1.17.0/opentelemetry-sdk-trace-1.17.0.jar:/root/.m2/repository/io/opentelemetry/opentelemetry-sdk/1.17.0/opentelemetry-sdk-1.17.0.jar:/root/.m2/repository/io/opentelemetry/opentelemetry-semconv/1.17.0-alpha/opentelemetry-semconv-1.17.0-alpha.jar:/root/.m2/repository/io/ous/jtoml/2.0.0/jtoml-2.0.0.jar:/root/.m2/repository/org/apache/commons/commons-exec/1.3/commons-exec-1.3.jar:/root/.m2/repository/org/asynchttpclient/async-http-client/2.12.3/async-http-client-2.12.3.jar:/root/.m2/repository/org/asynchttpclient/async-http-client-netty-utils/2.12.3/async-http-client-netty-utils-2.12.3.jar:/root/.m2/repository/io/netty/netty-codec-socks/4.1.60.Final/netty-codec-socks-4.1.60.Final.jar:/root/.m2/repository/io/netty/netty-handler-proxy/4.1.60.Final/netty-handler-proxy-4.1.60.Final.jar:/root/.m2/repository/io/netty/netty-transport-native-epoll/4.1.60.Final/netty-transport-native-epoll-4.1.60.Final-linux-x86_64.jar:/root/.m2/repository/io/netty/netty-transport-native-kqueue/4.1.60.Final/netty-transport-native-kqueue-4.1.60.Final-osx-x86_64.jar:/root/.m2/repository/org/reactivestreams/reactive-streams/1.0.3/reactive-streams-1.0.3.jar:/root/.m2/repository/com/typesafe/netty/netty-reactive-streams/2.0.4/netty-reactive-streams-2.0.4.jar:/root/.m2/repository/com/sun/activation/jakarta.activation/1.2.2/jakarta.activation-1.2.2.jar:/root/.m2/repository/org/seleniumhq/selenium/selenium-http/4.5.0/selenium-http-4.5.0.jar:/root/.m2/repository/dev/failsafe/failsafe/3.2.4/failsafe-3.2.4.jar:/root/.m2/repository/org/seleniumhq/selenium/selenium-safari-driver/4.5.0/selenium-safari-driver-4.5.0.jar:/root/.m2/repository/org/seleniumhq/selenium/selenium-support/4.5.0/selenium-support-4.5.0.jar:/root/.m2/repository/io/qameta/allure/allure-junit5/2.21.0/allure-junit5-2.21.0.jar:/root/.m2/repository/io/qameta/allure/allure-junit-platform/2.21.0/allure-junit-platform-2.21.0.jar:/root/.m2/repository/io/qameta/allure/allure-test-filter/2.21.0/allure-test-filter-2.21.0.jar:/root/.m2/repository/org/junit/platform/junit-platform-launcher/1.8.2/junit-platform-launcher-1.8.2.jar:/root/.m2/repository/org/json/json/20210307/json-20210307.jar:/root/.m2/repository/io/cucumber/cucumber-java/7.11.1/cucumber-java-7.11.1.jar:/root/.m2/repository/io/cucumber/cucumber-core/7.11.1/cucumber-core-7.11.1.jar:/root/.m2/repository/io/cucumber/cucumber-gherkin/7.11.1/cucumber-gherkin-7.11.1.jar:/root/.m2/repository/io/cucumber/cucumber-gherkin-messages/7.11.1/cucumber-gherkin-messages-7.11.1.jar:/root/.m2/repository/io/cucumber/messages/21.0.1/messages-21.0.1.jar:/root/.m2/repository/io/cucumber/tag-expressions/5.0.1/tag-expressions-5.0.1.jar:/root/.m2/repository/io/cucumber/cucumber-expressions/16.1.2/cucumber-expressions-16.1.2.jar:/root/.m2/repository/io/cucumber/datatable/7.11.1/datatable-7.11.1.jar:/root/.m2/repository/io/cucumber/cucumber-plugin/7.11.1/cucumber-plugin-7.11.1.jar:/root/.m2/repository/io/cucumber/docstring/7.11.1/docstring-7.11.1.jar:/root/.m2/repository/io/cucumber/html-formatter/20.2.1/html-formatter-20.2.1.jar:/root/.m2/repository/io/cucumber/junit-xml-formatter/0.1.0/junit-xml-formatter-0.1.0.jar:/root/.m2/repository/io/cucumber/ci-environment/9.1.0/ci-environment-9.1.0.jar:/root/.m2/repository/org/apiguardian/apiguardian-api/1.1.2/apiguardian-api-1.1.2.jar:/root/.m2/repository/io/cucumber/cucumber-junit/7.11.1/cucumber-junit-7.11.1.jar:/root/.m2/repository/junit/junit/4.13.2/junit-4.13.2.jar:/root/.m2/repository/org/hamcrest/hamcrest-core/1.3/hamcrest-core-1.3.jar:/root/.m2/repository/io/github/bonigarcia/webdrivermanager/5.8.0/webdrivermanager-5.8.0.jar:/root/.m2/repository/org/slf4j/slf4j-api/2.0.12/slf4j-api-2.0.12.jar:/root/.m2/repository/com/google/code/gson/gson/2.10.1/gson-2.10.1.jar:/root/.m2/repository/com/github/docker-java/docker-java/3.3.6/docker-java-3.3.6.jar:/root/.m2/repository/com/github/docker-java/docker-java-core/3.3.6/docker-java-core-3.3.6.jar:/root/.m2/repository/com/github/docker-java/docker-java-api/3.3.6/docker-java-api-3.3.6.jar:/root/.m2/repository/org/bouncycastle/bcpkix-jdk18on/1.76/bcpkix-jdk18on-1.76.jar:/root/.m2/repository/org/bouncycastle/bcprov-jdk18on/1.76/bcprov-jdk18on-1.76.jar:/root/.m2/repository/org/bouncycastle/bcutil-jdk18on/1.76/bcutil-jdk18on-1.76.jar:/root/.m2/repository/org/slf4j/jcl-over-slf4j/1.7.30/jcl-over-slf4j-1.7.30.jar:/root/.m2/repository/com/github/docker-java/docker-java-transport-httpclient5/3.3.6/docker-java-transport-httpclient5-3.3.6.jar:/root/.m2/repository/com/github/docker-java/docker-java-transport/3.3.6/docker-java-transport-3.3.6.jar:/root/.m2/repository/net/java/dev/jna/jna/5.13.0/jna-5.13.0.jar:/root/.m2/repository/org/brotli/dec/0.1.2/dec-0.1.2.jar:/root/.m2/repository/org/apache/commons/commons-compress/1.26.1/commons-compress-1.26.1.jar:/root/.m2/repository/commons-io/commons-io/2.15.1/commons-io-2.15.1.jar:/root/.m2/repository/org/apache/httpcomponents/client5/httpclient5/5.2.1/httpclient5-5.2.1.jar:/root/.m2/repository/org/apache/httpcomponents/core5/httpcore5/5.2/httpcore5-5.2.jar:/root/.m2/repository/org/apache/httpcomponents/core5/httpcore5-h2/5.2/httpcore5-h2-5.2.jar:"/>
    <property name="sun.cpu.endian" value="little"/>
    <property name="user.home" value="/root"/>
    <property name="user.language" value="en"/>
    <property name="java.specification.vendor" value="Oracle Corporation"/>
    <property name="java.version.date" value="2024-10-15"/>
    <property name="java.home" value="/usr/lib/jvm/java-17-openjdk-amd64"/>
    <property name="file.separator" value="/"/>
    <property name="basedir" value="/workspace/LoginTest"/>
    <property name="java.vm.compressedOopsMode" value="Zero based"/>
    <property name="line.separator" value="&#10;"/>
    <property name="java.specification.name" value="Java Platform API Specification"/>
    <property name="java.vm.specification.vendor" value="Oracle Corporation"/>
    <property name="surefire.real.class.path" value="/workspace/LoginTest/target/surefire/surefirebooter-20250115194127764_3.jar"/>
    <property name="sun.management.compiler" value="HotSpot 64-Bit Tiered Compilers"/>
    <property name="java.runtime.version" value="17.0.13+11-Ubuntu-2ubuntu122.04"/>
    <property name="user.name" value="root"/>
    <property name="path.separator" value=":"/>
    <property name="os.version" value="5.10.102.1-microsoft-standard-WSL2"/>
    <property name="java.runtime.name" value="OpenJDK Runtime Environment"/>
    <property name="DISPLAY" value=":99"/>
    <property name="file.encoding" value="ANSI_X3.4-1968"/>
    <property name="java.vm.name" value="OpenJDK 64-Bit Server VM"/>
    <property name="localRepository" value="/root/.m2/repository"/>
    <property name="java.vendor.url.bug" value="https://bugs.launchpad.net/ubuntu/+source/openjdk-17"/>
    <property name="java.io.tmpdir" value="/tmp"/>
    <property name="java.version" value="17.0.13"/>
    <property name="user.dir" value="/workspace/LoginTest"/>
    <property name="os.arch" value="amd64"/>
    <property name="java.vm.specification.name" value="Java Virtual Machine Specification"/>
    <property name="native.encoding" value="ANSI_X3.4-1968"/>
    <property name="java.library.path" value="/usr/local/nvidia/lib:/usr/local/nvidia/lib64:/usr/java/packages/lib:/usr/lib/x86_64-linux-gnu/jni:/lib/x86_64-linux-gnu:/usr/lib/x86_64-linux-gnu:/usr/lib/jni:/lib:/usr/lib"/>
    <property name="java.vm.info" value="mixed mode, sharing"/>
    <property name="java.vendor" value="Ubuntu"/>
    <property name="java.vm.version" value="17.0.13+11-Ubuntu-2ubuntu122.04"/>
    <property name="java.specification.maintenance.version" value="1"/>
    <property name="sun.io.unicode.encoding" value="UnicodeLittle"/>
    <property name="java.class.version" value="61.0"/>
  </properties>
  <testcase name="Successful login to the TaaS Serviceportal" classname="Login to the TaaS Serviceportal" time="17.059">
    <system-out><![CDATA[Starting Xvfb...
ChromeDriver initialized and Chrome launched.
Login successful. Profile ID: vw2xn87@test
]]></system-out>
    <system-err><![CDATA[SLF4J(W): No SLF4J providers were found.
SLF4J(W): Defaulting to no-operation (NOP) logger implementation
SLF4J(W): See https://www.slf4j.org/codes.html#noProviders for further details.
Starting ChromeDriver 132.[01.6738639470103.263][SEVERE]: b.in8d(3)  (fa0i3lde5d9:c fC5aencnfo1td 8as4s44838ff9a1e96231304d4ff9c-refs/branch-heads/6834@{#3390}) on port 57878
Only local connections are allowed.
Please seei hgttnps://chromedriver.chromiu m.orgr/seecuqruiteys-tceodn saiddderreastsi o(n9s9 )f
or suggestions on keeping ChromeDriver safe.
ChromeDriver was started successfully on port 57878.
Jan 15, 2025 7:41:45 PM org.openqa.selenium.remote.ProtocolHandshake createSession
INFO: Detected upstream dialect: W3C
Jan 15, 2025 7:41:46 PM org.openqa.selenium.devtools.CdpVersionFinder findNearestMatch
WARNING: Unable to find an exact match for CDP version 132, so returning the closest version found: a no-op implementation
Jan 15, 2025 7:41:46 PM org.openqa.selenium.devtools.CdpVersionFinder findNearestMatch
INFO: Unable to find CDP implementation matching 132.
Jan 15, 2025 7:41:46 PM org.openqa.selenium.chromium.ChromiumDriver lambda$new$3
WARNING: Unable to find version of CDP to use for . You may need to include a dependency on a specific version of the CDP using something similar to `org.seleniumhq.selenium:selenium-devtools-v86:4.5.0` where the version ("v86") matches the version of the chromium-based browser you're using and the version number of the artifact is the same as Selenium's.
]]></system-err>
  </testcase>
  <testcase name="Login with incorrect password" classname="Login to the TaaS Serviceportal" time="2.822">
    <system-out><![CDATA[ChromeDriver initialized and Chrome launched.
✅ Login failed as expected: Login page elements are still visible.
]]></system-out>
    <system-err><![CDATA[Starting ChromeDriver 132.0.6834.83 (03d59cf5ecf1d8444838ff9a1e96231304d4ff9c-refs/branch-heads/6834@[1736970110.872][SEVERE]: bind() failed: Cannot assign requested address (99)
{#3390}) on port 56185
Only local connections are allowed.
Please see https://chromedriver.chromium.org/security-considerations for suggestions on keeping ChromeDriver safe.
ChromeDriver was started successfully on port 56185.
Jan 15, 2025 7:41:51 PM org.openqa.selenium.remote.ProtocolHandshake createSession
INFO: Detected upstream dialect: W3C
Jan 15, 2025 7:41:51 PM org.openqa.selenium.devtools.CdpVersionFinder findNearestMatch
WARNING: Unable to find an exact match for CDP version 132, so returning the closest version found: a no-op implementation
Jan 15, 2025 7:41:51 PM org.openqa.selenium.devtools.CdpVersionFinder findNearestMatch
INFO: Unable to find CDP implementation matching 132.
Jan 15, 2025 7:41:51 PM org.openqa.selenium.chromium.ChromiumDriver lambda$new$3
WARNING: Unable to find version of CDP to use for . You may need to include a dependency on a specific version of the CDP using something similar to `org.seleniumhq.selenium:selenium-devtools-v86:4.5.0` where the version ("v86") matches the version of the chromium-based browser you're using and the version number of the artifact is the same as Selenium's.
]]></system-err>
  </testcase>
  <testcase name="Logout after successful login" classname="Login to the TaaS Serviceportal" time="10.312">
    <system-out><![CDATA[ChromeDriver initialized and Chrome launched.
Login successful. Profile ID: vw2xn87@test
Toast message disappeared.
✅ Login failed as expected: Login page elements are still visible.
]]></system-out>
    <system-err><![CDATA[Starting ChromeDriver 132.0.6834.83 (03d59cf5ecf1d8444838ff9a1e96231304d4ff9c-refs/branch-heads/6834@{#3390}) on port 39746
Only local connections are allowed.
Please see https://chromedriver.chromium.org/security-considerations for suggestions on keeping ChromeDriver safe.
[1736970113.732][SEVERE]: bind() failed: Cannot assign requeCshtreodm eaDddrreisvse r( 9w9)a
s started successfully on port 39746.
Jan 15, 2025 7:41:54 PM org.openqa.selenium.remote.ProtocolHandshake createSession
INFO: Detected upstream dialect: W3C
Jan 15, 2025 7:41:54 PM org.openqa.selenium.devtools.CdpVersionFinder findNearestMatch
WARNING: Unable to find an exact match for CDP version 132, so returning the closest version found: a no-op implementation
Jan 15, 2025 7:41:54 PM org.openqa.selenium.devtools.CdpVersionFinder findNearestMatch
INFO: Unable to find CDP implementation matching 132.
Jan 15, 2025 7:41:54 PM org.openqa.selenium.chromium.ChromiumDriver lambda$new$3
WARNING: Unable to find version of CDP to use for . You may need to include a dependency on a specific version of the CDP using something similar to `org.seleniumhq.selenium:selenium-devtools-v86:4.5.0` where the version ("v86") matches the version of the chromium-based browser you're using and the version number of the artifact is the same as Selenium's.
]]></system-err>
  </testcase>
</testsuite>